{"/Users/marine.petit/Documents/PROJECT/recipe_keeper_V2/lib/db/schema/meal-plan-validation.ts": {"path":"/Users/marine.petit/Documents/PROJECT/recipe_keeper_V2/lib/db/schema/meal-plan-validation.ts","statementMap":{"0":{"start":{"line":1,"column":0},"end":{"line":1,"column":24}},"1":{"start":{"line":2,"column":0},"end":{"line":2,"column":45}},"2":{"start":{"line":7,"column":13},"end":{"line":23,"column":3}},"3":{"start":{"line":14,"column":25},"end":{"line":14,"column":39}},"4":{"start":{"line":15,"column":6},"end":{"line":17,"column":8}},"5":{"start":{"line":20,"column":21},"end":{"line":20,"column":53}},"6":{"start":{"line":28,"column":13},"end":{"line":42,"column":3}},"7":{"start":{"line":34,"column":25},"end":{"line":34,"column":39}},"8":{"start":{"line":35,"column":6},"end":{"line":37,"column":8}},"9":{"start":{"line":40,"column":21},"end":{"line":40,"column":53}},"10":{"start":{"line":47,"column":13},"end":{"line":65,"column":3}},"11":{"start":{"line":54,"column":25},"end":{"line":54,"column":39}},"12":{"start":{"line":55,"column":6},"end":{"line":57,"column":8}},"13":{"start":{"line":62,"column":23},"end":{"line":62,"column":55}},"14":{"start":{"line":81,"column":13},"end":{"line":175,"column":2}},"15":{"start":{"line":90,"column":4},"end":{"line":101,"column":5}},"16":{"start":{"line":91,"column":32},"end":{"line":91,"column":62}},"17":{"start":{"line":92,"column":6},"end":{"line":92,"column":56}},"18":{"start":{"line":94,"column":6},"end":{"line":99,"column":7}},"19":{"start":{"line":95,"column":23},"end":{"line":96,"column":null}},"20":{"start":{"line":96,"column":19},"end":{"line":96,"column":58}},"21":{"start":{"line":98,"column":8},"end":{"line":98,"column":42}},"22":{"start":{"line":100,"column":6},"end":{"line":100,"column":70}},"23":{"start":{"line":112,"column":4},"end":{"line":123,"column":5}},"24":{"start":{"line":113,"column":29},"end":{"line":113,"column":62}},"25":{"start":{"line":114,"column":6},"end":{"line":114,"column":53}},"26":{"start":{"line":116,"column":6},"end":{"line":121,"column":7}},"27":{"start":{"line":117,"column":23},"end":{"line":118,"column":null}},"28":{"start":{"line":118,"column":19},"end":{"line":118,"column":58}},"29":{"start":{"line":120,"column":8},"end":{"line":120,"column":42}},"30":{"start":{"line":122,"column":6},"end":{"line":122,"column":70}},"31":{"start":{"line":134,"column":4},"end":{"line":145,"column":5}},"32":{"start":{"line":135,"column":29},"end":{"line":135,"column":62}},"33":{"start":{"line":136,"column":6},"end":{"line":136,"column":53}},"34":{"start":{"line":138,"column":6},"end":{"line":143,"column":7}},"35":{"start":{"line":139,"column":23},"end":{"line":140,"column":null}},"36":{"start":{"line":140,"column":19},"end":{"line":140,"column":58}},"37":{"start":{"line":142,"column":8},"end":{"line":142,"column":42}},"38":{"start":{"line":144,"column":6},"end":{"line":144,"column":70}},"39":{"start":{"line":152,"column":19},"end":{"line":164,"column":28}},"40":{"start":{"line":159,"column":27},"end":{"line":159,"column":41}},"41":{"start":{"line":160,"column":8},"end":{"line":162,"column":10}},"42":{"start":{"line":166,"column":4},"end":{"line":166,"column":26}},"43":{"start":{"line":173,"column":4},"end":{"line":173,"column":66}}},"fnMap":{"0":{"name":"(anonymous_0)","decl":{"start":{"line":13,"column":12},"end":{"line":13,"column":13}},"loc":{"start":{"line":13,"column":21},"end":{"line":18,"column":5}}},"1":{"name":"(anonymous_1)","decl":{"start":{"line":20,"column":14},"end":{"line":20,"column":17}},"loc":{"start":{"line":20,"column":21},"end":{"line":20,"column":53}}},"2":{"name":"(anonymous_2)","decl":{"start":{"line":33,"column":12},"end":{"line":33,"column":13}},"loc":{"start":{"line":33,"column":21},"end":{"line":38,"column":5}}},"3":{"name":"(anonymous_3)","decl":{"start":{"line":40,"column":14},"end":{"line":40,"column":17}},"loc":{"start":{"line":40,"column":21},"end":{"line":40,"column":53}}},"4":{"name":"(anonymous_4)","decl":{"start":{"line":53,"column":12},"end":{"line":53,"column":13}},"loc":{"start":{"line":53,"column":21},"end":{"line":58,"column":5}}},"5":{"name":"(anonymous_5)","decl":{"start":{"line":62,"column":16},"end":{"line":62,"column":19}},"loc":{"start":{"line":62,"column":23},"end":{"line":62,"column":55}}},"6":{"name":"(anonymous_6)","decl":{"start":{"line":85,"column":2},"end":{"line":85,"column":18}},"loc":{"start":{"line":86,"column":21},"end":{"line":102,"column":3}}},"7":{"name":"(anonymous_7)","decl":{"start":{"line":96,"column":10},"end":{"line":96,"column":11}},"loc":{"start":{"line":96,"column":19},"end":{"line":96,"column":58}}},"8":{"name":"(anonymous_8)","decl":{"start":{"line":107,"column":2},"end":{"line":107,"column":24}},"loc":{"start":{"line":108,"column":18},"end":{"line":124,"column":3}}},"9":{"name":"(anonymous_9)","decl":{"start":{"line":118,"column":10},"end":{"line":118,"column":11}},"loc":{"start":{"line":118,"column":19},"end":{"line":118,"column":58}}},"10":{"name":"(anonymous_10)","decl":{"start":{"line":129,"column":2},"end":{"line":129,"column":24}},"loc":{"start":{"line":130,"column":18},"end":{"line":146,"column":3}}},"11":{"name":"(anonymous_11)","decl":{"start":{"line":140,"column":10},"end":{"line":140,"column":11}},"loc":{"start":{"line":140,"column":19},"end":{"line":140,"column":58}}},"12":{"name":"(anonymous_12)","decl":{"start":{"line":151,"column":2},"end":{"line":151,"column":14}},"loc":{"start":{"line":151,"column":33},"end":{"line":167,"column":3}}},"13":{"name":"(anonymous_13)","decl":{"start":{"line":158,"column":14},"end":{"line":158,"column":15}},"loc":{"start":{"line":158,"column":23},"end":{"line":163,"column":7}}},"14":{"name":"(anonymous_14)","decl":{"start":{"line":172,"column":2},"end":{"line":172,"column":18}},"loc":{"start":{"line":172,"column":35},"end":{"line":174,"column":3}}}},"branchMap":{"0":{"loc":{"start":{"line":16,"column":8},"end":{"line":16,"column":66}},"type":"binary-expr","locations":[{"start":{"line":16,"column":8},"end":{"line":16,"column":34}},{"start":{"line":16,"column":38},"end":{"line":16,"column":66}}]},"1":{"loc":{"start":{"line":36,"column":8},"end":{"line":36,"column":66}},"type":"binary-expr","locations":[{"start":{"line":36,"column":8},"end":{"line":36,"column":34}},{"start":{"line":36,"column":38},"end":{"line":36,"column":66}}]},"2":{"loc":{"start":{"line":56,"column":8},"end":{"line":56,"column":66}},"type":"binary-expr","locations":[{"start":{"line":56,"column":8},"end":{"line":56,"column":34}},{"start":{"line":56,"column":38},"end":{"line":56,"column":66}}]},"3":{"loc":{"start":{"line":94,"column":6},"end":{"line":99,"column":7}},"type":"if","locations":[{"start":{"line":94,"column":6},"end":{"line":99,"column":7}},{"start":{},"end":{}}]},"4":{"loc":{"start":{"line":116,"column":6},"end":{"line":121,"column":7}},"type":"if","locations":[{"start":{"line":116,"column":6},"end":{"line":121,"column":7}},{"start":{},"end":{}}]},"5":{"loc":{"start":{"line":138,"column":6},"end":{"line":143,"column":7}},"type":"if","locations":[{"start":{"line":138,"column":6},"end":{"line":143,"column":7}},{"start":{},"end":{}}]},"6":{"loc":{"start":{"line":161,"column":10},"end":{"line":161,"column":68}},"type":"binary-expr","locations":[{"start":{"line":161,"column":10},"end":{"line":161,"column":36}},{"start":{"line":161,"column":40},"end":{"line":161,"column":68}}]}},"s":{"0":0,"1":0,"2":0,"3":0,"4":0,"5":0,"6":0,"7":0,"8":0,"9":0,"10":0,"11":0,"12":0,"13":0,"14":0,"15":0,"16":0,"17":0,"18":0,"19":0,"20":0,"21":0,"22":0,"23":0,"24":0,"25":0,"26":0,"27":0,"28":0,"29":0,"30":0,"31":0,"32":0,"33":0,"34":0,"35":0,"36":0,"37":0,"38":0,"39":0,"40":0,"41":0,"42":0,"43":0},"f":{"0":0,"1":0,"2":0,"3":0,"4":0,"5":0,"6":0,"7":0,"8":0,"9":0,"10":0,"11":0,"12":0,"13":0,"14":0},"b":{"0":[0,0],"1":[0,0],"2":[0,0],"3":[0,0],"4":[0,0],"5":[0,0],"6":[0,0]}}
,"/Users/marine.petit/Documents/PROJECT/recipe_keeper_V2/lib/db/schema/meal-plan.ts": {"path":"/Users/marine.petit/Documents/PROJECT/recipe_keeper_V2/lib/db/schema/meal-plan.ts","statementMap":{"0":{"start":{"line":1,"column":0},"end":{"line":1,"column":45}},"1":{"start":{"line":58,"column":13},"end":{"line":228,"column":2}},"2":{"start":{"line":63,"column":4},"end":{"line":69,"column":6}},"3":{"start":{"line":76,"column":4},"end":{"line":82,"column":6}},"4":{"start":{"line":89,"column":16},"end":{"line":89,"column":40}},"5":{"start":{"line":90,"column":4},"end":{"line":96,"column":6}},"6":{"start":{"line":103,"column":4},"end":{"line":106,"column":6}},"7":{"start":{"line":113,"column":29},"end":{"line":113,"column":31}},"8":{"start":{"line":115,"column":4},"end":{"line":117,"column":5}},"9":{"start":{"line":116,"column":6},"end":{"line":116,"column":43}},"10":{"start":{"line":119,"column":4},"end":{"line":121,"column":5}},"11":{"start":{"line":120,"column":6},"end":{"line":120,"column":64}},"12":{"start":{"line":123,"column":4},"end":{"line":128,"column":5}},"13":{"start":{"line":127,"column":6},"end":{"line":127,"column":49}},"14":{"start":{"line":130,"column":4},"end":{"line":130,"column":18}},"15":{"start":{"line":137,"column":17},"end":{"line":137,"column":37}},"16":{"start":{"line":138,"column":4},"end":{"line":142,"column":6}},"17":{"start":{"line":149,"column":4},"end":{"line":149,"column":66}},"18":{"start":{"line":156,"column":17},"end":{"line":156,"column":37}},"19":{"start":{"line":157,"column":4},"end":{"line":162,"column":7}},"20":{"start":{"line":169,"column":4},"end":{"line":169,"column":64}},"21":{"start":{"line":176,"column":4},"end":{"line":183,"column":41}},"22":{"start":{"line":177,"column":19},"end":{"line":177,"column":32}},"23":{"start":{"line":178,"column":6},"end":{"line":180,"column":7}},"24":{"start":{"line":179,"column":8},"end":{"line":179,"column":26}},"25":{"start":{"line":181,"column":6},"end":{"line":181,"column":34}},"26":{"start":{"line":182,"column":6},"end":{"line":182,"column":20}},"27":{"start":{"line":192,"column":4},"end":{"line":199,"column":43}},"28":{"start":{"line":193,"column":23},"end":{"line":193,"column":40}},"29":{"start":{"line":194,"column":6},"end":{"line":196,"column":7}},"30":{"start":{"line":195,"column":8},"end":{"line":195,"column":30}},"31":{"start":{"line":197,"column":6},"end":{"line":197,"column":38}},"32":{"start":{"line":198,"column":6},"end":{"line":198,"column":20}},"33":{"start":{"line":210,"column":4},"end":{"line":212,"column":7}},"34":{"start":{"line":211,"column":6},"end":{"line":211,"column":68}},"35":{"start":{"line":223,"column":4},"end":{"line":226,"column":6}},"36":{"start":{"line":225,"column":8},"end":{"line":225,"column":64}}},"fnMap":{"0":{"name":"(anonymous_0)","decl":{"start":{"line":62,"column":2},"end":{"line":62,"column":7}},"loc":{"start":{"line":62,"column":26},"end":{"line":70,"column":3}}},"1":{"name":"(anonymous_1)","decl":{"start":{"line":75,"column":2},"end":{"line":75,"column":9}},"loc":{"start":{"line":75,"column":26},"end":{"line":83,"column":3}}},"2":{"name":"(anonymous_2)","decl":{"start":{"line":88,"column":2},"end":{"line":88,"column":8}},"loc":{"start":{"line":88,"column":35},"end":{"line":97,"column":3}}},"3":{"name":"(anonymous_3)","decl":{"start":{"line":102,"column":2},"end":{"line":102,"column":8}},"loc":{"start":{"line":102,"column":55},"end":{"line":107,"column":3}}},"4":{"name":"(anonymous_4)","decl":{"start":{"line":112,"column":2},"end":{"line":112,"column":10}},"loc":{"start":{"line":112,"column":29},"end":{"line":131,"column":3}}},"5":{"name":"(anonymous_5)","decl":{"start":{"line":136,"column":2},"end":{"line":136,"column":13}},"loc":{"start":{"line":136,"column":32},"end":{"line":143,"column":3}}},"6":{"name":"(anonymous_6)","decl":{"start":{"line":148,"column":2},"end":{"line":148,"column":17}},"loc":{"start":{"line":148,"column":34},"end":{"line":150,"column":3}}},"7":{"name":"(anonymous_7)","decl":{"start":{"line":155,"column":2},"end":{"line":155,"column":12}},"loc":{"start":{"line":155,"column":31},"end":{"line":163,"column":3}}},"8":{"name":"(anonymous_8)","decl":{"start":{"line":168,"column":2},"end":{"line":168,"column":24}},"loc":{"start":{"line":168,"column":43},"end":{"line":170,"column":3}}},"9":{"name":"(anonymous_9)","decl":{"start":{"line":175,"column":2},"end":{"line":175,"column":13}},"loc":{"start":{"line":175,"column":35},"end":{"line":184,"column":3}}},"10":{"name":"(anonymous_10)","decl":{"start":{"line":176,"column":28},"end":{"line":176,"column":29}},"loc":{"start":{"line":176,"column":49},"end":{"line":183,"column":5}}},"11":{"name":"(anonymous_11)","decl":{"start":{"line":189,"column":2},"end":{"line":189,"column":17}},"loc":{"start":{"line":190,"column":25},"end":{"line":200,"column":3}}},"12":{"name":"(anonymous_12)","decl":{"start":{"line":192,"column":28},"end":{"line":192,"column":29}},"loc":{"start":{"line":192,"column":49},"end":{"line":199,"column":5}}},"13":{"name":"(anonymous_13)","decl":{"start":{"line":205,"column":2},"end":{"line":205,"column":25}},"loc":{"start":{"line":208,"column":19},"end":{"line":213,"column":3}}},"14":{"name":"(anonymous_14)","decl":{"start":{"line":210,"column":28},"end":{"line":210,"column":29}},"loc":{"start":{"line":210,"column":41},"end":{"line":212,"column":5}}},"15":{"name":"(anonymous_15)","decl":{"start":{"line":218,"column":2},"end":{"line":218,"column":21}},"loc":{"start":{"line":221,"column":22},"end":{"line":227,"column":3}}},"16":{"name":"(anonymous_16)","decl":{"start":{"line":224,"column":6},"end":{"line":224,"column":7}},"loc":{"start":{"line":225,"column":8},"end":{"line":225,"column":64}}}},"branchMap":{"0":{"loc":{"start":{"line":115,"column":4},"end":{"line":117,"column":5}},"type":"if","locations":[{"start":{"line":115,"column":4},"end":{"line":117,"column":5}},{"start":{},"end":{}}]},"1":{"loc":{"start":{"line":115,"column":8},"end":{"line":115,"column":67}},"type":"binary-expr","locations":[{"start":{"line":115,"column":8},"end":{"line":115,"column":26}},{"start":{"line":115,"column":30},"end":{"line":115,"column":67}}]},"2":{"loc":{"start":{"line":119,"column":4},"end":{"line":121,"column":5}},"type":"if","locations":[{"start":{"line":119,"column":4},"end":{"line":121,"column":5}},{"start":{},"end":{}}]},"3":{"loc":{"start":{"line":119,"column":8},"end":{"line":119,"column":58}},"type":"binary-expr","locations":[{"start":{"line":119,"column":8},"end":{"line":119,"column":22}},{"start":{"line":119,"column":26},"end":{"line":119,"column":58}}]},"4":{"loc":{"start":{"line":123,"column":4},"end":{"line":128,"column":5}},"type":"if","locations":[{"start":{"line":123,"column":4},"end":{"line":128,"column":5}},{"start":{},"end":{}}]},"5":{"loc":{"start":{"line":124,"column":6},"end":{"line":125,"column":46}},"type":"binary-expr","locations":[{"start":{"line":124,"column":6},"end":{"line":124,"column":24}},{"start":{"line":125,"column":6},"end":{"line":125,"column":46}}]},"6":{"loc":{"start":{"line":139,"column":6},"end":{"line":141,"column":47}},"type":"binary-expr","locations":[{"start":{"line":139,"column":6},"end":{"line":139,"column":26}},{"start":{"line":140,"column":6},"end":{"line":140,"column":28}},{"start":{"line":141,"column":6},"end":{"line":141,"column":47}}]},"7":{"loc":{"start":{"line":178,"column":6},"end":{"line":180,"column":7}},"type":"if","locations":[{"start":{"line":178,"column":6},"end":{"line":180,"column":7}},{"start":{},"end":{}}]},"8":{"loc":{"start":{"line":194,"column":6},"end":{"line":196,"column":7}},"type":"if","locations":[{"start":{"line":194,"column":6},"end":{"line":196,"column":7}},{"start":{},"end":{}}]},"9":{"loc":{"start":{"line":211,"column":13},"end":{"line":211,"column":67}},"type":"binary-expr","locations":[{"start":{"line":211,"column":13},"end":{"line":211,"column":39}},{"start":{"line":211,"column":43},"end":{"line":211,"column":67}}]},"10":{"loc":{"start":{"line":225,"column":8},"end":{"line":225,"column":64}},"type":"binary-expr","locations":[{"start":{"line":225,"column":8},"end":{"line":225,"column":30}},{"start":{"line":225,"column":34},"end":{"line":225,"column":64}}]}},"s":{"0":1,"1":1,"2":1,"3":1,"4":0,"5":0,"6":0,"7":4,"8":4,"9":1,"10":4,"11":1,"12":4,"13":1,"14":4,"15":8,"16":8,"17":10,"18":0,"19":0,"20":0,"21":1,"22":3,"23":3,"24":2,"25":3,"26":3,"27":1,"28":3,"29":3,"30":2,"31":3,"32":3,"33":0,"34":0,"35":2,"36":2},"f":{"0":1,"1":1,"2":0,"3":0,"4":4,"5":8,"6":10,"7":0,"8":0,"9":1,"10":3,"11":1,"12":3,"13":0,"14":0,"15":2,"16":2},"b":{"0":[1,3],"1":[4,3],"2":[1,3],"3":[4,4],"4":[1,3],"5":[4,4],"6":[8,8,6],"7":[2,1],"8":[2,1],"9":[0,0],"10":[2,2]}}
,"/Users/marine.petit/Documents/PROJECT/recipe_keeper_V2/lib/db/schema/recipe-validation.ts": {"path":"/Users/marine.petit/Documents/PROJECT/recipe_keeper_V2/lib/db/schema/recipe-validation.ts","statementMap":{"0":{"start":{"line":1,"column":0},"end":{"line":1,"column":24}},"1":{"start":{"line":2,"column":0},"end":{"line":2,"column":null}},"2":{"start":{"line":11,"column":13},"end":{"line":26,"column":3}},"3":{"start":{"line":31,"column":13},"end":{"line":117,"column":3}},"4":{"start":{"line":52,"column":21},"end":{"line":52,"column":57}},"5":{"start":{"line":122,"column":13},"end":{"line":200,"column":3}},"6":{"start":{"line":142,"column":21},"end":{"line":142,"column":57}},"7":{"start":{"line":205,"column":13},"end":{"line":290,"column":3}},"8":{"start":{"line":229,"column":23},"end":{"line":229,"column":59}},"9":{"start":{"line":303,"column":13},"end":{"line":391,"column":2}},"10":{"start":{"line":312,"column":4},"end":{"line":323,"column":5}},"11":{"start":{"line":313,"column":30},"end":{"line":313,"column":56}},"12":{"start":{"line":314,"column":6},"end":{"line":314,"column":54}},"13":{"start":{"line":316,"column":6},"end":{"line":321,"column":7}},"14":{"start":{"line":317,"column":23},"end":{"line":318,"column":null}},"15":{"start":{"line":318,"column":19},"end":{"line":318,"column":58}},"16":{"start":{"line":320,"column":8},"end":{"line":320,"column":42}},"17":{"start":{"line":322,"column":6},"end":{"line":322,"column":70}},"18":{"start":{"line":334,"column":4},"end":{"line":345,"column":5}},"19":{"start":{"line":335,"column":29},"end":{"line":335,"column":60}},"20":{"start":{"line":336,"column":6},"end":{"line":336,"column":53}},"21":{"start":{"line":338,"column":6},"end":{"line":343,"column":7}},"22":{"start":{"line":339,"column":23},"end":{"line":340,"column":null}},"23":{"start":{"line":340,"column":19},"end":{"line":340,"column":58}},"24":{"start":{"line":342,"column":8},"end":{"line":342,"column":42}},"25":{"start":{"line":344,"column":6},"end":{"line":344,"column":70}},"26":{"start":{"line":356,"column":4},"end":{"line":367,"column":5}},"27":{"start":{"line":357,"column":29},"end":{"line":357,"column":60}},"28":{"start":{"line":358,"column":6},"end":{"line":358,"column":53}},"29":{"start":{"line":360,"column":6},"end":{"line":365,"column":7}},"30":{"start":{"line":361,"column":23},"end":{"line":362,"column":null}},"31":{"start":{"line":362,"column":19},"end":{"line":362,"column":58}},"32":{"start":{"line":364,"column":8},"end":{"line":364,"column":42}},"33":{"start":{"line":366,"column":6},"end":{"line":366,"column":70}},"34":{"start":{"line":378,"column":4},"end":{"line":389,"column":5}},"35":{"start":{"line":379,"column":34},"end":{"line":379,"column":68}},"36":{"start":{"line":380,"column":6},"end":{"line":380,"column":58}},"37":{"start":{"line":382,"column":6},"end":{"line":387,"column":7}},"38":{"start":{"line":383,"column":23},"end":{"line":384,"column":null}},"39":{"start":{"line":384,"column":19},"end":{"line":384,"column":58}},"40":{"start":{"line":386,"column":8},"end":{"line":386,"column":42}},"41":{"start":{"line":388,"column":6},"end":{"line":388,"column":70}}},"fnMap":{"0":{"name":"(anonymous_0)","decl":{"start":{"line":52,"column":14},"end":{"line":52,"column":17}},"loc":{"start":{"line":52,"column":21},"end":{"line":52,"column":57}}},"1":{"name":"(anonymous_1)","decl":{"start":{"line":142,"column":14},"end":{"line":142,"column":17}},"loc":{"start":{"line":142,"column":21},"end":{"line":142,"column":57}}},"2":{"name":"(anonymous_2)","decl":{"start":{"line":229,"column":16},"end":{"line":229,"column":19}},"loc":{"start":{"line":229,"column":23},"end":{"line":229,"column":59}}},"3":{"name":"(anonymous_3)","decl":{"start":{"line":307,"column":2},"end":{"line":307,"column":16}},"loc":{"start":{"line":308,"column":19},"end":{"line":324,"column":3}}},"4":{"name":"(anonymous_4)","decl":{"start":{"line":318,"column":10},"end":{"line":318,"column":11}},"loc":{"start":{"line":318,"column":19},"end":{"line":318,"column":58}}},"5":{"name":"(anonymous_5)","decl":{"start":{"line":329,"column":2},"end":{"line":329,"column":22}},"loc":{"start":{"line":330,"column":18},"end":{"line":346,"column":3}}},"6":{"name":"(anonymous_6)","decl":{"start":{"line":340,"column":10},"end":{"line":340,"column":11}},"loc":{"start":{"line":340,"column":19},"end":{"line":340,"column":58}}},"7":{"name":"(anonymous_7)","decl":{"start":{"line":351,"column":2},"end":{"line":351,"column":22}},"loc":{"start":{"line":352,"column":18},"end":{"line":368,"column":3}}},"8":{"name":"(anonymous_8)","decl":{"start":{"line":362,"column":10},"end":{"line":362,"column":11}},"loc":{"start":{"line":362,"column":19},"end":{"line":362,"column":58}}},"9":{"name":"(anonymous_9)","decl":{"start":{"line":373,"column":2},"end":{"line":373,"column":20}},"loc":{"start":{"line":374,"column":23},"end":{"line":390,"column":3}}},"10":{"name":"(anonymous_10)","decl":{"start":{"line":384,"column":10},"end":{"line":384,"column":11}},"loc":{"start":{"line":384,"column":19},"end":{"line":384,"column":58}}}},"branchMap":{"0":{"loc":{"start":{"line":316,"column":6},"end":{"line":321,"column":7}},"type":"if","locations":[{"start":{"line":316,"column":6},"end":{"line":321,"column":7}},{"start":{},"end":{}}]},"1":{"loc":{"start":{"line":338,"column":6},"end":{"line":343,"column":7}},"type":"if","locations":[{"start":{"line":338,"column":6},"end":{"line":343,"column":7}},{"start":{},"end":{}}]},"2":{"loc":{"start":{"line":360,"column":6},"end":{"line":365,"column":7}},"type":"if","locations":[{"start":{"line":360,"column":6},"end":{"line":365,"column":7}},{"start":{},"end":{}}]},"3":{"loc":{"start":{"line":382,"column":6},"end":{"line":387,"column":7}},"type":"if","locations":[{"start":{"line":382,"column":6},"end":{"line":387,"column":7}},{"start":{},"end":{}}]}},"s":{"0":0,"1":0,"2":0,"3":0,"4":0,"5":0,"6":0,"7":0,"8":0,"9":0,"10":0,"11":0,"12":0,"13":0,"14":0,"15":0,"16":0,"17":0,"18":0,"19":0,"20":0,"21":0,"22":0,"23":0,"24":0,"25":0,"26":0,"27":0,"28":0,"29":0,"30":0,"31":0,"32":0,"33":0,"34":0,"35":0,"36":0,"37":0,"38":0,"39":0,"40":0,"41":0},"f":{"0":0,"1":0,"2":0,"3":0,"4":0,"5":0,"6":0,"7":0,"8":0,"9":0,"10":0},"b":{"0":[0,0],"1":[0,0],"2":[0,0],"3":[0,0]}}
,"/Users/marine.petit/Documents/PROJECT/recipe_keeper_V2/lib/db/schema/recipe.ts": {"path":"/Users/marine.petit/Documents/PROJECT/recipe_keeper_V2/lib/db/schema/recipe.ts","statementMap":{"0":{"start":{"line":84,"column":13},"end":{"line":231,"column":2}},"1":{"start":{"line":89,"column":4},"end":{"line":103,"column":6}},"2":{"start":{"line":110,"column":4},"end":{"line":124,"column":6}},"3":{"start":{"line":131,"column":16},"end":{"line":131,"column":40}},"4":{"start":{"line":132,"column":4},"end":{"line":146,"column":6}},"5":{"start":{"line":153,"column":16},"end":{"line":153,"column":40}},"6":{"start":{"line":154,"column":4},"end":{"line":158,"column":6}},"7":{"start":{"line":165,"column":16},"end":{"line":165,"column":40}},"8":{"start":{"line":166,"column":4},"end":{"line":170,"column":6}},"9":{"start":{"line":177,"column":4},"end":{"line":177,"column":37}},"10":{"start":{"line":184,"column":17},"end":{"line":184,"column":37}},"11":{"start":{"line":185,"column":17},"end":{"line":185,"column":37}},"12":{"start":{"line":186,"column":4},"end":{"line":186,"column":48}},"13":{"start":{"line":193,"column":29},"end":{"line":193,"column":31}},"14":{"start":{"line":195,"column":4},"end":{"line":197,"column":5}},"15":{"start":{"line":196,"column":6},"end":{"line":196,"column":39}},"16":{"start":{"line":199,"column":4},"end":{"line":201,"column":5}},"17":{"start":{"line":200,"column":6},"end":{"line":200,"column":58}},"18":{"start":{"line":203,"column":4},"end":{"line":205,"column":5}},"19":{"start":{"line":204,"column":6},"end":{"line":204,"column":55}},"20":{"start":{"line":207,"column":4},"end":{"line":209,"column":5}},"21":{"start":{"line":208,"column":6},"end":{"line":208,"column":57}},"22":{"start":{"line":211,"column":4},"end":{"line":213,"column":5}},"23":{"start":{"line":212,"column":6},"end":{"line":212,"column":51}},"24":{"start":{"line":215,"column":4},"end":{"line":220,"column":5}},"25":{"start":{"line":219,"column":6},"end":{"line":219,"column":66}},"26":{"start":{"line":222,"column":4},"end":{"line":227,"column":5}},"27":{"start":{"line":226,"column":6},"end":{"line":226,"column":66}},"28":{"start":{"line":229,"column":4},"end":{"line":229,"column":18}}},"fnMap":{"0":{"name":"(anonymous_0)","decl":{"start":{"line":88,"column":2},"end":{"line":88,"column":7}},"loc":{"start":{"line":88,"column":22},"end":{"line":104,"column":3}}},"1":{"name":"(anonymous_1)","decl":{"start":{"line":109,"column":2},"end":{"line":109,"column":9}},"loc":{"start":{"line":109,"column":24},"end":{"line":125,"column":3}}},"2":{"name":"(anonymous_2)","decl":{"start":{"line":130,"column":2},"end":{"line":130,"column":8}},"loc":{"start":{"line":130,"column":33},"end":{"line":147,"column":3}}},"3":{"name":"(anonymous_3)","decl":{"start":{"line":152,"column":2},"end":{"line":152,"column":8}},"loc":{"start":{"line":152,"column":49},"end":{"line":159,"column":3}}},"4":{"name":"(anonymous_4)","decl":{"start":{"line":164,"column":2},"end":{"line":164,"column":12}},"loc":{"start":{"line":164,"column":27},"end":{"line":171,"column":3}}},"5":{"name":"(anonymous_5)","decl":{"start":{"line":176,"column":2},"end":{"line":176,"column":11}},"loc":{"start":{"line":176,"column":26},"end":{"line":178,"column":3}}},"6":{"name":"(anonymous_6)","decl":{"start":{"line":183,"column":2},"end":{"line":183,"column":14}},"loc":{"start":{"line":183,"column":29},"end":{"line":187,"column":3}}},"7":{"name":"(anonymous_7)","decl":{"start":{"line":192,"column":2},"end":{"line":192,"column":10}},"loc":{"start":{"line":192,"column":25},"end":{"line":230,"column":3}}}},"branchMap":{"0":{"loc":{"start":{"line":139,"column":16},"end":{"line":139,"column":38}},"type":"binary-expr","locations":[{"start":{"line":139,"column":16},"end":{"line":139,"column":30}},{"start":{"line":139,"column":34},"end":{"line":139,"column":38}}]},"1":{"loc":{"start":{"line":140,"column":16},"end":{"line":140,"column":38}},"type":"binary-expr","locations":[{"start":{"line":140,"column":16},"end":{"line":140,"column":30}},{"start":{"line":140,"column":34},"end":{"line":140,"column":38}}]},"2":{"loc":{"start":{"line":141,"column":16},"end":{"line":141,"column":38}},"type":"binary-expr","locations":[{"start":{"line":141,"column":16},"end":{"line":141,"column":30}},{"start":{"line":141,"column":34},"end":{"line":141,"column":38}}]},"3":{"loc":{"start":{"line":142,"column":12},"end":{"line":142,"column":28}},"type":"binary-expr","locations":[{"start":{"line":142,"column":12},"end":{"line":142,"column":22}},{"start":{"line":142,"column":26},"end":{"line":142,"column":28}}]},"4":{"loc":{"start":{"line":184,"column":17},"end":{"line":184,"column":37}},"type":"binary-expr","locations":[{"start":{"line":184,"column":17},"end":{"line":184,"column":32}},{"start":{"line":184,"column":36},"end":{"line":184,"column":37}}]},"5":{"loc":{"start":{"line":185,"column":17},"end":{"line":185,"column":37}},"type":"binary-expr","locations":[{"start":{"line":185,"column":17},"end":{"line":185,"column":32}},{"start":{"line":185,"column":36},"end":{"line":185,"column":37}}]},"6":{"loc":{"start":{"line":186,"column":11},"end":{"line":186,"column":47}},"type":"cond-expr","locations":[{"start":{"line":186,"column":29},"end":{"line":186,"column":40}},{"start":{"line":186,"column":43},"end":{"line":186,"column":47}}]},"7":{"loc":{"start":{"line":195,"column":4},"end":{"line":197,"column":5}},"type":"if","locations":[{"start":{"line":195,"column":4},"end":{"line":197,"column":5}},{"start":{},"end":{}}]},"8":{"loc":{"start":{"line":195,"column":8},"end":{"line":195,"column":57}},"type":"binary-expr","locations":[{"start":{"line":195,"column":8},"end":{"line":195,"column":21}},{"start":{"line":195,"column":25},"end":{"line":195,"column":57}}]},"9":{"loc":{"start":{"line":199,"column":4},"end":{"line":201,"column":5}},"type":"if","locations":[{"start":{"line":199,"column":4},"end":{"line":201,"column":5}},{"start":{},"end":{}}]},"10":{"loc":{"start":{"line":199,"column":8},"end":{"line":199,"column":49}},"type":"binary-expr","locations":[{"start":{"line":199,"column":8},"end":{"line":199,"column":20}},{"start":{"line":199,"column":24},"end":{"line":199,"column":49}}]},"11":{"loc":{"start":{"line":203,"column":4},"end":{"line":205,"column":5}},"type":"if","locations":[{"start":{"line":203,"column":4},"end":{"line":205,"column":5}},{"start":{},"end":{}}]},"12":{"loc":{"start":{"line":203,"column":8},"end":{"line":203,"column":51}},"type":"binary-expr","locations":[{"start":{"line":203,"column":8},"end":{"line":203,"column":27}},{"start":{"line":203,"column":31},"end":{"line":203,"column":51}}]},"13":{"loc":{"start":{"line":207,"column":4},"end":{"line":209,"column":5}},"type":"if","locations":[{"start":{"line":207,"column":4},"end":{"line":209,"column":5}},{"start":{},"end":{}}]},"14":{"loc":{"start":{"line":207,"column":8},"end":{"line":207,"column":62}},"type":"binary-expr","locations":[{"start":{"line":207,"column":8},"end":{"line":207,"column":27}},{"start":{"line":207,"column":31},"end":{"line":207,"column":62}}]},"15":{"loc":{"start":{"line":211,"column":4},"end":{"line":213,"column":5}},"type":"if","locations":[{"start":{"line":211,"column":4},"end":{"line":213,"column":5}},{"start":{},"end":{}}]},"16":{"loc":{"start":{"line":211,"column":8},"end":{"line":211,"column":50}},"type":"binary-expr","locations":[{"start":{"line":211,"column":8},"end":{"line":211,"column":21}},{"start":{"line":211,"column":25},"end":{"line":211,"column":50}}]},"17":{"loc":{"start":{"line":215,"column":4},"end":{"line":220,"column":5}},"type":"if","locations":[{"start":{"line":215,"column":4},"end":{"line":220,"column":5}},{"start":{},"end":{}}]},"18":{"loc":{"start":{"line":216,"column":6},"end":{"line":217,"column":53}},"type":"binary-expr","locations":[{"start":{"line":216,"column":6},"end":{"line":216,"column":21}},{"start":{"line":217,"column":7},"end":{"line":217,"column":26}},{"start":{"line":217,"column":30},"end":{"line":217,"column":52}}]},"19":{"loc":{"start":{"line":222,"column":4},"end":{"line":227,"column":5}},"type":"if","locations":[{"start":{"line":222,"column":4},"end":{"line":227,"column":5}},{"start":{},"end":{}}]},"20":{"loc":{"start":{"line":223,"column":6},"end":{"line":224,"column":53}},"type":"binary-expr","locations":[{"start":{"line":223,"column":6},"end":{"line":223,"column":21}},{"start":{"line":224,"column":7},"end":{"line":224,"column":26}},{"start":{"line":224,"column":30},"end":{"line":224,"column":52}}]}},"s":{"0":1,"1":1,"2":1,"3":0,"4":0,"5":0,"6":0,"7":1,"8":1,"9":2,"10":2,"11":2,"12":2,"13":6,"14":6,"15":1,"16":6,"17":1,"18":6,"19":1,"20":6,"21":1,"22":6,"23":1,"24":6,"25":0,"26":6,"27":0,"28":6},"f":{"0":1,"1":1,"2":0,"3":0,"4":1,"5":2,"6":2,"7":6},"b":{"0":[0,0],"1":[0,0],"2":[0,0],"3":[0,0],"4":[2,1],"5":[2,1],"6":[1,1],"7":[1,5],"8":[6,5],"9":[1,5],"10":[6,5],"11":[1,5],"12":[6,5],"13":[1,5],"14":[6,6],"15":[1,5],"16":[6,6],"17":[0,6],"18":[6,6,6],"19":[0,6],"20":[6,6,6]}}
,"/Users/marine.petit/Documents/PROJECT/recipe_keeper_V2/lib/db/schema/shopping-list-validation.ts": {"path":"/Users/marine.petit/Documents/PROJECT/recipe_keeper_V2/lib/db/schema/shopping-list-validation.ts","statementMap":{"0":{"start":{"line":1,"column":0},"end":{"line":1,"column":24}},"1":{"start":{"line":2,"column":0},"end":{"line":2,"column":52}},"2":{"start":{"line":7,"column":13},"end":{"line":32,"column":3}},"3":{"start":{"line":37,"column":13},"end":{"line":60,"column":3}},"4":{"start":{"line":65,"column":13},"end":{"line":80,"column":3}},"5":{"start":{"line":85,"column":13},"end":{"line":90,"column":3}},"6":{"start":{"line":111,"column":13},"end":{"line":237,"column":2}},"7":{"start":{"line":120,"column":4},"end":{"line":131,"column":5}},"8":{"start":{"line":121,"column":28},"end":{"line":121,"column":62}},"9":{"start":{"line":122,"column":6},"end":{"line":122,"column":52}},"10":{"start":{"line":124,"column":6},"end":{"line":129,"column":7}},"11":{"start":{"line":125,"column":23},"end":{"line":126,"column":null}},"12":{"start":{"line":126,"column":19},"end":{"line":126,"column":58}},"13":{"start":{"line":128,"column":8},"end":{"line":128,"column":42}},"14":{"start":{"line":130,"column":6},"end":{"line":130,"column":70}},"15":{"start":{"line":142,"column":4},"end":{"line":154,"column":5}},"16":{"start":{"line":144,"column":8},"end":{"line":144,"column":49}},"17":{"start":{"line":145,"column":6},"end":{"line":145,"column":53}},"18":{"start":{"line":147,"column":6},"end":{"line":152,"column":7}},"19":{"start":{"line":148,"column":23},"end":{"line":149,"column":null}},"20":{"start":{"line":149,"column":19},"end":{"line":149,"column":58}},"21":{"start":{"line":151,"column":8},"end":{"line":151,"column":42}},"22":{"start":{"line":153,"column":6},"end":{"line":153,"column":70}},"23":{"start":{"line":165,"column":4},"end":{"line":177,"column":5}},"24":{"start":{"line":167,"column":8},"end":{"line":167,"column":49}},"25":{"start":{"line":168,"column":6},"end":{"line":168,"column":53}},"26":{"start":{"line":170,"column":6},"end":{"line":175,"column":7}},"27":{"start":{"line":171,"column":23},"end":{"line":172,"column":null}},"28":{"start":{"line":172,"column":19},"end":{"line":172,"column":58}},"29":{"start":{"line":174,"column":8},"end":{"line":174,"column":42}},"30":{"start":{"line":176,"column":6},"end":{"line":176,"column":70}},"31":{"start":{"line":188,"column":4},"end":{"line":200,"column":5}},"32":{"start":{"line":190,"column":8},"end":{"line":190,"column":53}},"33":{"start":{"line":191,"column":6},"end":{"line":191,"column":53}},"34":{"start":{"line":193,"column":6},"end":{"line":198,"column":7}},"35":{"start":{"line":194,"column":23},"end":{"line":195,"column":null}},"36":{"start":{"line":195,"column":19},"end":{"line":195,"column":58}},"37":{"start":{"line":197,"column":8},"end":{"line":197,"column":42}},"38":{"start":{"line":199,"column":6},"end":{"line":199,"column":70}},"39":{"start":{"line":207,"column":4},"end":{"line":207,"column":49}},"40":{"start":{"line":214,"column":4},"end":{"line":214,"column":39}},"41":{"start":{"line":214,"column":27},"end":{"line":214,"column":39}},"42":{"start":{"line":215,"column":4},"end":{"line":215,"column":44}},"43":{"start":{"line":222,"column":4},"end":{"line":222,"column":35}},"44":{"start":{"line":222,"column":23},"end":{"line":222,"column":35}},"45":{"start":{"line":223,"column":4},"end":{"line":225,"column":6}},"46":{"start":{"line":232,"column":4},"end":{"line":232,"column":39}},"47":{"start":{"line":232,"column":27},"end":{"line":232,"column":39}},"48":{"start":{"line":234,"column":6},"end":{"line":234,"column":82}},"49":{"start":{"line":235,"column":4},"end":{"line":235,"column":36}}},"fnMap":{"0":{"name":"(anonymous_0)","decl":{"start":{"line":115,"column":2},"end":{"line":115,"column":26}},"loc":{"start":{"line":116,"column":17},"end":{"line":132,"column":3}}},"1":{"name":"(anonymous_1)","decl":{"start":{"line":126,"column":10},"end":{"line":126,"column":11}},"loc":{"start":{"line":126,"column":19},"end":{"line":126,"column":58}}},"2":{"name":"(anonymous_2)","decl":{"start":{"line":137,"column":2},"end":{"line":137,"column":32}},"loc":{"start":{"line":138,"column":18},"end":{"line":155,"column":3}}},"3":{"name":"(anonymous_3)","decl":{"start":{"line":149,"column":10},"end":{"line":149,"column":11}},"loc":{"start":{"line":149,"column":19},"end":{"line":149,"column":58}}},"4":{"name":"(anonymous_4)","decl":{"start":{"line":160,"column":2},"end":{"line":160,"column":32}},"loc":{"start":{"line":161,"column":18},"end":{"line":178,"column":3}}},"5":{"name":"(anonymous_5)","decl":{"start":{"line":172,"column":10},"end":{"line":172,"column":11}},"loc":{"start":{"line":172,"column":19},"end":{"line":172,"column":58}}},"6":{"name":"(anonymous_6)","decl":{"start":{"line":183,"column":2},"end":{"line":183,"column":37}},"loc":{"start":{"line":184,"column":18},"end":{"line":201,"column":3}}},"7":{"name":"(anonymous_7)","decl":{"start":{"line":195,"column":10},"end":{"line":195,"column":11}},"loc":{"start":{"line":195,"column":19},"end":{"line":195,"column":58}}},"8":{"name":"(anonymous_8)","decl":{"start":{"line":206,"column":2},"end":{"line":206,"column":18}},"loc":{"start":{"line":206,"column":31},"end":{"line":208,"column":3}}},"9":{"name":"(anonymous_9)","decl":{"start":{"line":213,"column":2},"end":{"line":213,"column":18}},"loc":{"start":{"line":213,"column":42},"end":{"line":216,"column":3}}},"10":{"name":"(anonymous_10)","decl":{"start":{"line":221,"column":2},"end":{"line":221,"column":14}},"loc":{"start":{"line":221,"column":34},"end":{"line":226,"column":3}}},"11":{"name":"(anonymous_11)","decl":{"start":{"line":231,"column":2},"end":{"line":231,"column":18}},"loc":{"start":{"line":231,"column":42},"end":{"line":236,"column":3}}}},"branchMap":{"0":{"loc":{"start":{"line":124,"column":6},"end":{"line":129,"column":7}},"type":"if","locations":[{"start":{"line":124,"column":6},"end":{"line":129,"column":7}},{"start":{},"end":{}}]},"1":{"loc":{"start":{"line":147,"column":6},"end":{"line":152,"column":7}},"type":"if","locations":[{"start":{"line":147,"column":6},"end":{"line":152,"column":7}},{"start":{},"end":{}}]},"2":{"loc":{"start":{"line":170,"column":6},"end":{"line":175,"column":7}},"type":"if","locations":[{"start":{"line":170,"column":6},"end":{"line":175,"column":7}},{"start":{},"end":{}}]},"3":{"loc":{"start":{"line":193,"column":6},"end":{"line":198,"column":7}},"type":"if","locations":[{"start":{"line":193,"column":6},"end":{"line":198,"column":7}},{"start":{},"end":{}}]},"4":{"loc":{"start":{"line":207,"column":11},"end":{"line":207,"column":48}},"type":"binary-expr","locations":[{"start":{"line":207,"column":11},"end":{"line":207,"column":26}},{"start":{"line":207,"column":30},"end":{"line":207,"column":48}}]},"5":{"loc":{"start":{"line":214,"column":4},"end":{"line":214,"column":39}},"type":"if","locations":[{"start":{"line":214,"column":4},"end":{"line":214,"column":39}},{"start":{},"end":{}}]},"6":{"loc":{"start":{"line":215,"column":11},"end":{"line":215,"column":43}},"type":"binary-expr","locations":[{"start":{"line":215,"column":11},"end":{"line":215,"column":23}},{"start":{"line":215,"column":27},"end":{"line":215,"column":43}}]},"7":{"loc":{"start":{"line":222,"column":4},"end":{"line":222,"column":35}},"type":"if","locations":[{"start":{"line":222,"column":4},"end":{"line":222,"column":35}},{"start":{},"end":{}}]},"8":{"loc":{"start":{"line":232,"column":4},"end":{"line":232,"column":39}},"type":"if","locations":[{"start":{"line":232,"column":4},"end":{"line":232,"column":39}},{"start":{},"end":{}}]}},"s":{"0":0,"1":0,"2":0,"3":0,"4":0,"5":0,"6":0,"7":0,"8":0,"9":0,"10":0,"11":0,"12":0,"13":0,"14":0,"15":0,"16":0,"17":0,"18":0,"19":0,"20":0,"21":0,"22":0,"23":0,"24":0,"25":0,"26":0,"27":0,"28":0,"29":0,"30":0,"31":0,"32":0,"33":0,"34":0,"35":0,"36":0,"37":0,"38":0,"39":0,"40":0,"41":0,"42":0,"43":0,"44":0,"45":0,"46":0,"47":0,"48":0,"49":0},"f":{"0":0,"1":0,"2":0,"3":0,"4":0,"5":0,"6":0,"7":0,"8":0,"9":0,"10":0,"11":0},"b":{"0":[0,0],"1":[0,0],"2":[0,0],"3":[0,0],"4":[0,0],"5":[0,0],"6":[0,0],"7":[0,0],"8":[0,0]}}
,"/Users/marine.petit/Documents/PROJECT/recipe_keeper_V2/lib/db/schema/shopping-list.ts": {"path":"/Users/marine.petit/Documents/PROJECT/recipe_keeper_V2/lib/db/schema/shopping-list.ts","statementMap":{"0":{"start":{"line":74,"column":13},"end":{"line":294,"column":2}},"1":{"start":{"line":79,"column":4},"end":{"line":88,"column":6}},"2":{"start":{"line":95,"column":4},"end":{"line":104,"column":6}},"3":{"start":{"line":111,"column":16},"end":{"line":111,"column":40}},"4":{"start":{"line":112,"column":4},"end":{"line":121,"column":6}},"5":{"start":{"line":131,"column":4},"end":{"line":134,"column":6}},"6":{"start":{"line":141,"column":4},"end":{"line":144,"column":6}},"7":{"start":{"line":151,"column":4},"end":{"line":151,"column":34}},"8":{"start":{"line":158,"column":4},"end":{"line":158,"column":34}},"9":{"start":{"line":165,"column":29},"end":{"line":165,"column":31}},"10":{"start":{"line":167,"column":4},"end":{"line":169,"column":5}},"11":{"start":{"line":168,"column":6},"end":{"line":168,"column":43}},"12":{"start":{"line":171,"column":4},"end":{"line":173,"column":5}},"13":{"start":{"line":172,"column":6},"end":{"line":172,"column":62}},"14":{"start":{"line":175,"column":4},"end":{"line":180,"column":5}},"15":{"start":{"line":179,"column":6},"end":{"line":179,"column":57}},"16":{"start":{"line":182,"column":4},"end":{"line":182,"column":18}},"17":{"start":{"line":189,"column":4},"end":{"line":191,"column":5}},"18":{"start":{"line":190,"column":6},"end":{"line":190,"column":23}},"19":{"start":{"line":193,"column":4},"end":{"line":195,"column":5}},"20":{"start":{"line":194,"column":6},"end":{"line":194,"column":43}},"21":{"start":{"line":197,"column":4},"end":{"line":199,"column":5}},"22":{"start":{"line":198,"column":6},"end":{"line":198,"column":45}},"23":{"start":{"line":201,"column":4},"end":{"line":201,"column":56}},"24":{"start":{"line":211,"column":4},"end":{"line":224,"column":6}},"25":{"start":{"line":213,"column":8},"end":{"line":217,"column":9}},"26":{"start":{"line":214,"column":10},"end":{"line":214,"column":36}},"27":{"start":{"line":216,"column":10},"end":{"line":216,"column":38}},"28":{"start":{"line":218,"column":8},"end":{"line":218,"column":22}},"29":{"start":{"line":234,"column":4},"end":{"line":247,"column":6}},"30":{"start":{"line":236,"column":8},"end":{"line":240,"column":9}},"31":{"start":{"line":237,"column":10},"end":{"line":237,"column":40}},"32":{"start":{"line":239,"column":10},"end":{"line":239,"column":40}},"33":{"start":{"line":241,"column":8},"end":{"line":241,"column":22}},"34":{"start":{"line":257,"column":4},"end":{"line":257,"column":62}},"35":{"start":{"line":257,"column":34},"end":{"line":257,"column":60}},"36":{"start":{"line":264,"column":4},"end":{"line":264,"column":58}},"37":{"start":{"line":264,"column":34},"end":{"line":264,"column":56}},"38":{"start":{"line":271,"column":4},"end":{"line":271,"column":58}},"39":{"start":{"line":271,"column":34},"end":{"line":271,"column":56}},"40":{"start":{"line":278,"column":4},"end":{"line":278,"column":67}},"41":{"start":{"line":278,"column":53},"end":{"line":278,"column":65}},"42":{"start":{"line":285,"column":4},"end":{"line":285,"column":55}},"43":{"start":{"line":285,"column":34},"end":{"line":285,"column":46}},"44":{"start":{"line":292,"column":4},"end":{"line":292,"column":56}},"45":{"start":{"line":292,"column":34},"end":{"line":292,"column":47}}},"fnMap":{"0":{"name":"(anonymous_0)","decl":{"start":{"line":78,"column":2},"end":{"line":78,"column":7}},"loc":{"start":{"line":78,"column":30},"end":{"line":89,"column":3}}},"1":{"name":"(anonymous_1)","decl":{"start":{"line":94,"column":2},"end":{"line":94,"column":9}},"loc":{"start":{"line":94,"column":34},"end":{"line":105,"column":3}}},"2":{"name":"(anonymous_2)","decl":{"start":{"line":110,"column":2},"end":{"line":110,"column":8}},"loc":{"start":{"line":110,"column":43},"end":{"line":122,"column":3}}},"3":{"name":"(anonymous_3)","decl":{"start":{"line":127,"column":2},"end":{"line":127,"column":8}},"loc":{"start":{"line":129,"column":38},"end":{"line":135,"column":3}}},"4":{"name":"(anonymous_4)","decl":{"start":{"line":140,"column":2},"end":{"line":140,"column":15}},"loc":{"start":{"line":140,"column":38},"end":{"line":145,"column":3}}},"5":{"name":"(anonymous_5)","decl":{"start":{"line":150,"column":2},"end":{"line":150,"column":14}},"loc":{"start":{"line":150,"column":37},"end":{"line":152,"column":3}}},"6":{"name":"(anonymous_6)","decl":{"start":{"line":157,"column":2},"end":{"line":157,"column":10}},"loc":{"start":{"line":157,"column":33},"end":{"line":159,"column":3}}},"7":{"name":"(anonymous_7)","decl":{"start":{"line":164,"column":2},"end":{"line":164,"column":10}},"loc":{"start":{"line":164,"column":33},"end":{"line":183,"column":3}}},"8":{"name":"(anonymous_8)","decl":{"start":{"line":188,"column":2},"end":{"line":188,"column":16}},"loc":{"start":{"line":188,"column":39},"end":{"line":202,"column":3}}},"9":{"name":"(anonymous_9)","decl":{"start":{"line":207,"column":2},"end":{"line":207,"column":22}},"loc":{"start":{"line":207,"column":48},"end":{"line":225,"column":3}}},"10":{"name":"(anonymous_10)","decl":{"start":{"line":212,"column":6},"end":{"line":212,"column":7}},"loc":{"start":{"line":212,"column":23},"end":{"line":219,"column":7}}},"11":{"name":"(anonymous_11)","decl":{"start":{"line":230,"column":2},"end":{"line":230,"column":15}},"loc":{"start":{"line":230,"column":41},"end":{"line":248,"column":3}}},"12":{"name":"(anonymous_12)","decl":{"start":{"line":235,"column":6},"end":{"line":235,"column":7}},"loc":{"start":{"line":235,"column":23},"end":{"line":242,"column":7}}},"13":{"name":"(anonymous_13)","decl":{"start":{"line":253,"column":2},"end":{"line":253,"column":19}},"loc":{"start":{"line":255,"column":20},"end":{"line":258,"column":3}}},"14":{"name":"(anonymous_14)","decl":{"start":{"line":257,"column":24},"end":{"line":257,"column":25}},"loc":{"start":{"line":257,"column":34},"end":{"line":257,"column":60}}},"15":{"name":"(anonymous_15)","decl":{"start":{"line":263,"column":2},"end":{"line":263,"column":16}},"loc":{"start":{"line":263,"column":42},"end":{"line":265,"column":3}}},"16":{"name":"(anonymous_16)","decl":{"start":{"line":264,"column":24},"end":{"line":264,"column":25}},"loc":{"start":{"line":264,"column":34},"end":{"line":264,"column":56}}},"17":{"name":"(anonymous_17)","decl":{"start":{"line":270,"column":2},"end":{"line":270,"column":16}},"loc":{"start":{"line":270,"column":42},"end":{"line":272,"column":3}}},"18":{"name":"(anonymous_18)","decl":{"start":{"line":271,"column":24},"end":{"line":271,"column":25}},"loc":{"start":{"line":271,"column":34},"end":{"line":271,"column":56}}},"19":{"name":"(anonymous_19)","decl":{"start":{"line":277,"column":2},"end":{"line":277,"column":15}},"loc":{"start":{"line":277,"column":41},"end":{"line":279,"column":3}}},"20":{"name":"(anonymous_20)","decl":{"start":{"line":278,"column":43},"end":{"line":278,"column":44}},"loc":{"start":{"line":278,"column":53},"end":{"line":278,"column":65}}},"21":{"name":"(anonymous_21)","decl":{"start":{"line":284,"column":2},"end":{"line":284,"column":17}},"loc":{"start":{"line":284,"column":43},"end":{"line":286,"column":3}}},"22":{"name":"(anonymous_22)","decl":{"start":{"line":285,"column":24},"end":{"line":285,"column":25}},"loc":{"start":{"line":285,"column":34},"end":{"line":285,"column":46}}},"23":{"name":"(anonymous_23)","decl":{"start":{"line":291,"column":2},"end":{"line":291,"column":19}},"loc":{"start":{"line":291,"column":45},"end":{"line":293,"column":3}}},"24":{"name":"(anonymous_24)","decl":{"start":{"line":292,"column":24},"end":{"line":292,"column":25}},"loc":{"start":{"line":292,"column":34},"end":{"line":292,"column":47}}}},"branchMap":{"0":{"loc":{"start":{"line":84,"column":15},"end":{"line":84,"column":35}},"type":"cond-expr","locations":[{"start":{"line":84,"column":30},"end":{"line":84,"column":31}},{"start":{"line":84,"column":34},"end":{"line":84,"column":35}}]},"1":{"loc":{"start":{"line":115,"column":16},"end":{"line":115,"column":38}},"type":"binary-expr","locations":[{"start":{"line":115,"column":16},"end":{"line":115,"column":30}},{"start":{"line":115,"column":34},"end":{"line":115,"column":38}}]},"2":{"loc":{"start":{"line":116,"column":12},"end":{"line":116,"column":30}},"type":"binary-expr","locations":[{"start":{"line":116,"column":12},"end":{"line":116,"column":22}},{"start":{"line":116,"column":26},"end":{"line":116,"column":30}}]},"3":{"loc":{"start":{"line":117,"column":15},"end":{"line":117,"column":37}},"type":"binary-expr","locations":[{"start":{"line":117,"column":15},"end":{"line":117,"column":28}},{"start":{"line":117,"column":32},"end":{"line":117,"column":37}}]},"4":{"loc":{"start":{"line":118,"column":16},"end":{"line":118,"column":38}},"type":"binary-expr","locations":[{"start":{"line":118,"column":16},"end":{"line":118,"column":30}},{"start":{"line":118,"column":34},"end":{"line":118,"column":38}}]},"5":{"loc":{"start":{"line":119,"column":18},"end":{"line":119,"column":42}},"type":"binary-expr","locations":[{"start":{"line":119,"column":18},"end":{"line":119,"column":34}},{"start":{"line":119,"column":38},"end":{"line":119,"column":42}}]},"6":{"loc":{"start":{"line":167,"column":4},"end":{"line":169,"column":5}},"type":"if","locations":[{"start":{"line":167,"column":4},"end":{"line":169,"column":5}},{"start":{},"end":{}}]},"7":{"loc":{"start":{"line":167,"column":8},"end":{"line":167,"column":51}},"type":"binary-expr","locations":[{"start":{"line":167,"column":8},"end":{"line":167,"column":18}},{"start":{"line":167,"column":22},"end":{"line":167,"column":51}}]},"8":{"loc":{"start":{"line":171,"column":4},"end":{"line":173,"column":5}},"type":"if","locations":[{"start":{"line":171,"column":4},"end":{"line":173,"column":5}},{"start":{},"end":{}}]},"9":{"loc":{"start":{"line":171,"column":8},"end":{"line":171,"column":43}},"type":"binary-expr","locations":[{"start":{"line":171,"column":8},"end":{"line":171,"column":17}},{"start":{"line":171,"column":21},"end":{"line":171,"column":43}}]},"10":{"loc":{"start":{"line":175,"column":4},"end":{"line":180,"column":5}},"type":"if","locations":[{"start":{"line":175,"column":4},"end":{"line":180,"column":5}},{"start":{},"end":{}}]},"11":{"loc":{"start":{"line":176,"column":6},"end":{"line":177,"column":49}},"type":"binary-expr","locations":[{"start":{"line":176,"column":6},"end":{"line":176,"column":28}},{"start":{"line":177,"column":7},"end":{"line":177,"column":24}},{"start":{"line":177,"column":28},"end":{"line":177,"column":48}}]},"12":{"loc":{"start":{"line":189,"column":4},"end":{"line":191,"column":5}},"type":"if","locations":[{"start":{"line":189,"column":4},"end":{"line":191,"column":5}},{"start":{},"end":{}}]},"13":{"loc":{"start":{"line":189,"column":8},"end":{"line":189,"column":52}},"type":"binary-expr","locations":[{"start":{"line":189,"column":8},"end":{"line":189,"column":30}},{"start":{"line":189,"column":34},"end":{"line":189,"column":52}}]},"14":{"loc":{"start":{"line":193,"column":4},"end":{"line":195,"column":5}},"type":"if","locations":[{"start":{"line":193,"column":4},"end":{"line":195,"column":5}},{"start":{},"end":{}}]},"15":{"loc":{"start":{"line":197,"column":4},"end":{"line":199,"column":5}},"type":"if","locations":[{"start":{"line":197,"column":4},"end":{"line":199,"column":5}},{"start":{},"end":{}}]},"16":{"loc":{"start":{"line":213,"column":8},"end":{"line":217,"column":9}},"type":"if","locations":[{"start":{"line":213,"column":8},"end":{"line":217,"column":9}},{"start":{"line":215,"column":15},"end":{"line":217,"column":9}}]},"17":{"loc":{"start":{"line":236,"column":8},"end":{"line":240,"column":9}},"type":"if","locations":[{"start":{"line":236,"column":8},"end":{"line":240,"column":9}},{"start":{"line":238,"column":15},"end":{"line":240,"column":9}}]},"18":{"loc":{"start":{"line":278,"column":11},"end":{"line":278,"column":66}},"type":"binary-expr","locations":[{"start":{"line":278,"column":11},"end":{"line":278,"column":27}},{"start":{"line":278,"column":31},"end":{"line":278,"column":66}}]}},"s":{"0":1,"1":2,"2":2,"3":0,"4":0,"5":0,"6":2,"7":2,"8":2,"9":5,"10":5,"11":1,"12":5,"13":1,"14":5,"15":1,"16":5,"17":4,"18":1,"19":3,"20":1,"21":2,"22":1,"23":1,"24":1,"25":4,"26":2,"27":2,"28":4,"29":0,"30":0,"31":0,"32":0,"33":0,"34":0,"35":0,"36":0,"37":0,"38":0,"39":0,"40":3,"41":4,"42":1,"43":3,"44":1,"45":3},"f":{"0":2,"1":2,"2":0,"3":0,"4":2,"5":2,"6":2,"7":5,"8":4,"9":1,"10":4,"11":0,"12":0,"13":0,"14":0,"15":0,"16":0,"17":0,"18":0,"19":3,"20":4,"21":1,"22":3,"23":1,"24":3},"b":{"0":[1,1],"1":[0,0],"2":[0,0],"3":[0,0],"4":[0,0],"5":[0,0],"6":[1,4],"7":[5,4],"8":[1,4],"9":[5,4],"10":[1,4],"11":[5,4,3],"12":[1,3],"13":[4,2],"14":[1,2],"15":[1,1],"16":[2,2],"17":[0,0],"18":[3,2]}}
}
