TN:
SF:lib/db/schema/meal-plan-validation.ts
FN:13,(anonymous_0)
FN:20,(anonymous_1)
FN:33,(anonymous_2)
FN:40,(anonymous_3)
FN:53,(anonymous_4)
FN:62,(anonymous_5)
FN:85,(anonymous_6)
FN:96,(anonymous_7)
FN:107,(anonymous_8)
FN:118,(anonymous_9)
FN:129,(anonymous_10)
FN:140,(anonymous_11)
FN:151,(anonymous_12)
FN:158,(anonymous_13)
FN:172,(anonymous_14)
FNF:15
FNH:0
FNDA:0,(anonymous_0)
FNDA:0,(anonymous_1)
FNDA:0,(anonymous_2)
FNDA:0,(anonymous_3)
FNDA:0,(anonymous_4)
FNDA:0,(anonymous_5)
FNDA:0,(anonymous_6)
FNDA:0,(anonymous_7)
FNDA:0,(anonymous_8)
FNDA:0,(anonymous_9)
FNDA:0,(anonymous_10)
FNDA:0,(anonymous_11)
FNDA:0,(anonymous_12)
FNDA:0,(anonymous_13)
FNDA:0,(anonymous_14)
DA:1,0
DA:2,0
DA:7,0
DA:14,0
DA:15,0
DA:20,0
DA:28,0
DA:34,0
DA:35,0
DA:40,0
DA:47,0
DA:54,0
DA:55,0
DA:62,0
DA:81,0
DA:90,0
DA:91,0
DA:92,0
DA:94,0
DA:95,0
DA:96,0
DA:98,0
DA:100,0
DA:112,0
DA:113,0
DA:114,0
DA:116,0
DA:117,0
DA:118,0
DA:120,0
DA:122,0
DA:134,0
DA:135,0
DA:136,0
DA:138,0
DA:139,0
DA:140,0
DA:142,0
DA:144,0
DA:152,0
DA:159,0
DA:160,0
DA:166,0
DA:173,0
LF:44
LH:0
BRDA:16,0,0,0
BRDA:16,0,1,0
BRDA:36,1,0,0
BRDA:36,1,1,0
BRDA:56,2,0,0
BRDA:56,2,1,0
BRDA:94,3,0,0
BRDA:94,3,1,0
BRDA:116,4,0,0
BRDA:116,4,1,0
BRDA:138,5,0,0
BRDA:138,5,1,0
BRDA:161,6,0,0
BRDA:161,6,1,0
BRF:14
BRH:0
end_of_record
TN:
SF:lib/db/schema/meal-plan.ts
FN:62,(anonymous_0)
FN:75,(anonymous_1)
FN:88,(anonymous_2)
FN:102,(anonymous_3)
FN:112,(anonymous_4)
FN:136,(anonymous_5)
FN:148,(anonymous_6)
FN:155,(anonymous_7)
FN:168,(anonymous_8)
FN:175,(anonymous_9)
FN:176,(anonymous_10)
FN:189,(anonymous_11)
FN:192,(anonymous_12)
FN:205,(anonymous_13)
FN:210,(anonymous_14)
FN:218,(anonymous_15)
FN:224,(anonymous_16)
FNF:17
FNH:11
FNDA:1,(anonymous_0)
FNDA:1,(anonymous_1)
FNDA:0,(anonymous_2)
FNDA:0,(anonymous_3)
FNDA:4,(anonymous_4)
FNDA:8,(anonymous_5)
FNDA:10,(anonymous_6)
FNDA:0,(anonymous_7)
FNDA:0,(anonymous_8)
FNDA:1,(anonymous_9)
FNDA:3,(anonymous_10)
FNDA:1,(anonymous_11)
FNDA:3,(anonymous_12)
FNDA:0,(anonymous_13)
FNDA:0,(anonymous_14)
FNDA:2,(anonymous_15)
FNDA:2,(anonymous_16)
DA:1,1
DA:58,1
DA:63,1
DA:76,1
DA:89,0
DA:90,0
DA:103,0
DA:113,4
DA:115,4
DA:116,1
DA:119,4
DA:120,1
DA:123,4
DA:127,1
DA:130,4
DA:137,8
DA:138,8
DA:149,10
DA:156,0
DA:157,0
DA:169,0
DA:176,1
DA:177,3
DA:178,3
DA:179,2
DA:181,3
DA:182,3
DA:192,1
DA:193,3
DA:194,3
DA:195,2
DA:197,3
DA:198,3
DA:210,0
DA:211,0
DA:223,2
DA:225,2
LF:37
LH:29
BRDA:115,0,0,1
BRDA:115,0,1,3
BRDA:115,1,0,4
BRDA:115,1,1,3
BRDA:119,2,0,1
BRDA:119,2,1,3
BRDA:119,3,0,4
BRDA:119,3,1,4
BRDA:123,4,0,1
BRDA:123,4,1,3
BRDA:124,5,0,4
BRDA:124,5,1,4
BRDA:139,6,0,8
BRDA:139,6,1,8
BRDA:139,6,2,6
BRDA:178,7,0,2
BRDA:178,7,1,1
BRDA:194,8,0,2
BRDA:194,8,1,1
BRDA:211,9,0,0
BRDA:211,9,1,0
BRDA:225,10,0,2
BRDA:225,10,1,2
BRF:23
BRH:21
end_of_record
TN:
SF:lib/db/schema/recipe-validation.ts
FN:52,(anonymous_0)
FN:142,(anonymous_1)
FN:229,(anonymous_2)
FN:307,(anonymous_3)
FN:318,(anonymous_4)
FN:329,(anonymous_5)
FN:340,(anonymous_6)
FN:351,(anonymous_7)
FN:362,(anonymous_8)
FN:373,(anonymous_9)
FN:384,(anonymous_10)
FNF:11
FNH:0
FNDA:0,(anonymous_0)
FNDA:0,(anonymous_1)
FNDA:0,(anonymous_2)
FNDA:0,(anonymous_3)
FNDA:0,(anonymous_4)
FNDA:0,(anonymous_5)
FNDA:0,(anonymous_6)
FNDA:0,(anonymous_7)
FNDA:0,(anonymous_8)
FNDA:0,(anonymous_9)
FNDA:0,(anonymous_10)
DA:1,0
DA:2,0
DA:11,0
DA:31,0
DA:52,0
DA:122,0
DA:142,0
DA:205,0
DA:229,0
DA:303,0
DA:312,0
DA:313,0
DA:314,0
DA:316,0
DA:317,0
DA:318,0
DA:320,0
DA:322,0
DA:334,0
DA:335,0
DA:336,0
DA:338,0
DA:339,0
DA:340,0
DA:342,0
DA:344,0
DA:356,0
DA:357,0
DA:358,0
DA:360,0
DA:361,0
DA:362,0
DA:364,0
DA:366,0
DA:378,0
DA:379,0
DA:380,0
DA:382,0
DA:383,0
DA:384,0
DA:386,0
DA:388,0
LF:42
LH:0
BRDA:316,0,0,0
BRDA:316,0,1,0
BRDA:338,1,0,0
BRDA:338,1,1,0
BRDA:360,2,0,0
BRDA:360,2,1,0
BRDA:382,3,0,0
BRDA:382,3,1,0
BRF:8
BRH:0
end_of_record
TN:
SF:lib/db/schema/recipe.ts
FN:88,(anonymous_0)
FN:109,(anonymous_1)
FN:130,(anonymous_2)
FN:152,(anonymous_3)
FN:164,(anonymous_4)
FN:176,(anonymous_5)
FN:183,(anonymous_6)
FN:192,(anonymous_7)
FNF:8
FNH:6
FNDA:1,(anonymous_0)
FNDA:1,(anonymous_1)
FNDA:0,(anonymous_2)
FNDA:0,(anonymous_3)
FNDA:1,(anonymous_4)
FNDA:2,(anonymous_5)
FNDA:2,(anonymous_6)
FNDA:6,(anonymous_7)
DA:84,1
DA:89,1
DA:110,1
DA:131,0
DA:132,0
DA:153,0
DA:154,0
DA:165,1
DA:166,1
DA:177,2
DA:184,2
DA:185,2
DA:186,2
DA:193,6
DA:195,6
DA:196,1
DA:199,6
DA:200,1
DA:203,6
DA:204,1
DA:207,6
DA:208,1
DA:211,6
DA:212,1
DA:215,6
DA:219,0
DA:222,6
DA:226,0
DA:229,6
LF:29
LH:23
BRDA:139,0,0,0
BRDA:139,0,1,0
BRDA:140,1,0,0
BRDA:140,1,1,0
BRDA:141,2,0,0
BRDA:141,2,1,0
BRDA:142,3,0,0
BRDA:142,3,1,0
BRDA:184,4,0,2
BRDA:184,4,1,1
BRDA:185,5,0,2
BRDA:185,5,1,1
BRDA:186,6,0,1
BRDA:186,6,1,1
BRDA:195,7,0,1
BRDA:195,7,1,5
BRDA:195,8,0,6
BRDA:195,8,1,5
BRDA:199,9,0,1
BRDA:199,9,1,5
BRDA:199,10,0,6
BRDA:199,10,1,5
BRDA:203,11,0,1
BRDA:203,11,1,5
BRDA:203,12,0,6
BRDA:203,12,1,5
BRDA:207,13,0,1
BRDA:207,13,1,5
BRDA:207,14,0,6
BRDA:207,14,1,6
BRDA:211,15,0,1
BRDA:211,15,1,5
BRDA:211,16,0,6
BRDA:211,16,1,6
BRDA:215,17,0,0
BRDA:215,17,1,6
BRDA:216,18,0,6
BRDA:216,18,1,6
BRDA:216,18,2,6
BRDA:222,19,0,0
BRDA:222,19,1,6
BRDA:223,20,0,6
BRDA:223,20,1,6
BRDA:223,20,2,6
BRF:44
BRH:34
end_of_record
TN:
SF:lib/db/schema/shopping-list-validation.ts
FN:115,(anonymous_0)
FN:126,(anonymous_1)
FN:137,(anonymous_2)
FN:149,(anonymous_3)
FN:160,(anonymous_4)
FN:172,(anonymous_5)
FN:183,(anonymous_6)
FN:195,(anonymous_7)
FN:206,(anonymous_8)
FN:213,(anonymous_9)
FN:221,(anonymous_10)
FN:231,(anonymous_11)
FNF:12
FNH:0
FNDA:0,(anonymous_0)
FNDA:0,(anonymous_1)
FNDA:0,(anonymous_2)
FNDA:0,(anonymous_3)
FNDA:0,(anonymous_4)
FNDA:0,(anonymous_5)
FNDA:0,(anonymous_6)
FNDA:0,(anonymous_7)
FNDA:0,(anonymous_8)
FNDA:0,(anonymous_9)
FNDA:0,(anonymous_10)
FNDA:0,(anonymous_11)
DA:1,0
DA:2,0
DA:7,0
DA:37,0
DA:65,0
DA:85,0
DA:111,0
DA:120,0
DA:121,0
DA:122,0
DA:124,0
DA:125,0
DA:126,0
DA:128,0
DA:130,0
DA:142,0
DA:144,0
DA:145,0
DA:147,0
DA:148,0
DA:149,0
DA:151,0
DA:153,0
DA:165,0
DA:167,0
DA:168,0
DA:170,0
DA:171,0
DA:172,0
DA:174,0
DA:176,0
DA:188,0
DA:190,0
DA:191,0
DA:193,0
DA:194,0
DA:195,0
DA:197,0
DA:199,0
DA:207,0
DA:214,0
DA:215,0
DA:222,0
DA:223,0
DA:232,0
DA:234,0
DA:235,0
LF:47
LH:0
BRDA:124,0,0,0
BRDA:124,0,1,0
BRDA:147,1,0,0
BRDA:147,1,1,0
BRDA:170,2,0,0
BRDA:170,2,1,0
BRDA:193,3,0,0
BRDA:193,3,1,0
BRDA:207,4,0,0
BRDA:207,4,1,0
BRDA:214,5,0,0
BRDA:214,5,1,0
BRDA:215,6,0,0
BRDA:215,6,1,0
BRDA:222,7,0,0
BRDA:222,7,1,0
BRDA:232,8,0,0
BRDA:232,8,1,0
BRF:18
BRH:0
end_of_record
TN:
SF:lib/db/schema/shopping-list.ts
FN:78,(anonymous_0)
FN:94,(anonymous_1)
FN:110,(anonymous_2)
FN:127,(anonymous_3)
FN:140,(anonymous_4)
FN:150,(anonymous_5)
FN:157,(anonymous_6)
FN:164,(anonymous_7)
FN:188,(anonymous_8)
FN:207,(anonymous_9)
FN:212,(anonymous_10)
FN:230,(anonymous_11)
FN:235,(anonymous_12)
FN:253,(anonymous_13)
FN:257,(anonymous_14)
FN:263,(anonymous_15)
FN:264,(anonymous_16)
FN:270,(anonymous_17)
FN:271,(anonymous_18)
FN:277,(anonymous_19)
FN:278,(anonymous_20)
FN:284,(anonymous_21)
FN:285,(anonymous_22)
FN:291,(anonymous_23)
FN:292,(anonymous_24)
FNF:25
FNH:15
FNDA:2,(anonymous_0)
FNDA:2,(anonymous_1)
FNDA:0,(anonymous_2)
FNDA:0,(anonymous_3)
FNDA:2,(anonymous_4)
FNDA:2,(anonymous_5)
FNDA:2,(anonymous_6)
FNDA:5,(anonymous_7)
FNDA:4,(anonymous_8)
FNDA:1,(anonymous_9)
FNDA:4,(anonymous_10)
FNDA:0,(anonymous_11)
FNDA:0,(anonymous_12)
FNDA:0,(anonymous_13)
FNDA:0,(anonymous_14)
FNDA:0,(anonymous_15)
FNDA:0,(anonymous_16)
FNDA:0,(anonymous_17)
FNDA:0,(anonymous_18)
FNDA:3,(anonymous_19)
FNDA:4,(anonymous_20)
FNDA:1,(anonymous_21)
FNDA:3,(anonymous_22)
FNDA:1,(anonymous_23)
FNDA:3,(anonymous_24)
DA:74,1
DA:79,2
DA:95,2
DA:111,0
DA:112,0
DA:131,0
DA:141,2
DA:151,2
DA:158,2
DA:165,5
DA:167,5
DA:168,1
DA:171,5
DA:172,1
DA:175,5
DA:179,1
DA:182,5
DA:189,4
DA:190,1
DA:193,3
DA:194,1
DA:197,2
DA:198,1
DA:201,1
DA:211,1
DA:213,4
DA:214,2
DA:216,2
DA:218,4
DA:234,0
DA:236,0
DA:237,0
DA:239,0
DA:241,0
DA:257,0
DA:264,0
DA:271,0
DA:278,4
DA:285,3
DA:292,3
LF:40
LH:29
BRDA:84,0,0,1
BRDA:84,0,1,1
BRDA:115,1,0,0
BRDA:115,1,1,0
BRDA:116,2,0,0
BRDA:116,2,1,0
BRDA:117,3,0,0
BRDA:117,3,1,0
BRDA:118,4,0,0
BRDA:118,4,1,0
BRDA:119,5,0,0
BRDA:119,5,1,0
BRDA:167,6,0,1
BRDA:167,6,1,4
BRDA:167,7,0,5
BRDA:167,7,1,4
BRDA:171,8,0,1
BRDA:171,8,1,4
BRDA:171,9,0,5
BRDA:171,9,1,4
BRDA:175,10,0,1
BRDA:175,10,1,4
BRDA:176,11,0,5
BRDA:176,11,1,4
BRDA:176,11,2,3
BRDA:189,12,0,1
BRDA:189,12,1,3
BRDA:189,13,0,4
BRDA:189,13,1,2
BRDA:193,14,0,1
BRDA:193,14,1,2
BRDA:197,15,0,1
BRDA:197,15,1,1
BRDA:213,16,0,2
BRDA:213,16,1,2
BRDA:236,17,0,0
BRDA:236,17,1,0
BRDA:278,18,0,3
BRDA:278,18,1,2
BRF:39
BRH:27
end_of_record
